<?xml version="1.0" encoding="UTF-8"?>
<testsuite name="com.example.practicemk1.controller.ArticleApiControllerTest" tests="5" skipped="0" failures="0" errors="0" timestamp="2024-02-14T02:54:02" hostname="Victorui-MacBookPro.local" time="0.68">
  <properties/>
  <testcase name="getAllArticles : 모든 게시글 조회에 성공" classname="com.example.practicemk1.controller.ArticleApiControllerTest" time="0.522"/>
  <testcase name="getArticleById : 게시글 조회에 성공" classname="com.example.practicemk1.controller.ArticleApiControllerTest" time="0.011"/>
  <testcase name="deleteArticleById : 게시글 삭제에 성공" classname="com.example.practicemk1.controller.ArticleApiControllerTest" time="0.113"/>
  <testcase name="createArticle : 게시글 생성에 성공" classname="com.example.practicemk1.controller.ArticleApiControllerTest" time="0.024"/>
  <testcase name="updateArticle : 게시글 수정에 성공" classname="com.example.practicemk1.controller.ArticleApiControllerTest" time="0.006"/>
  <system-out><![CDATA[11:54:00.813 [Test worker] INFO org.springframework.test.context.support.AnnotationConfigContextLoaderUtils -- Could not detect default configuration classes for test class [com.example.practicemk1.controller.ArticleApiControllerTest]: ArticleApiControllerTest does not declare any static, non-private, non-final, nested classes annotated with @Configuration.
11:54:00.870 [Test worker] INFO org.springframework.boot.test.context.SpringBootTestContextBootstrapper -- Found @SpringBootConfiguration com.example.practicemk1.Practicemk1Application for test class com.example.practicemk1.controller.ArticleApiControllerTest

  .   ____          _            __ _ _
 /\\ / ___'_ __ _ _(_)_ __  __ _ \ \ \ \
( ( )\___ | '_ | '_| | '_ \/ _` | \ \ \ \
 \\/  ___)| |_)| | | | | || (_| |  ) ) ) )
  '  |____| .__|_| |_|_| |_\__, | / / / /
 =========|_|==============|___/=/_/_/_/
 :: Spring Boot ::                (v3.2.2)

2024-02-14T11:54:01.019+09:00  INFO 84369 --- [    Test worker] c.e.p.c.ArticleApiControllerTest         : Starting ArticleApiControllerTest using Java 17.0.9 with PID 84369 (started by victorlee in /Users/victorlee/Desktop/practice.mk1/backend)
2024-02-14T11:54:01.020+09:00  INFO 84369 --- [    Test worker] c.e.p.c.ArticleApiControllerTest         : No active profile set, falling back to 1 default profile: "default"
2024-02-14T11:54:01.278+09:00  INFO 84369 --- [    Test worker] .s.d.r.c.RepositoryConfigurationDelegate : Bootstrapping Spring Data JPA repositories in DEFAULT mode.
2024-02-14T11:54:01.297+09:00  INFO 84369 --- [    Test worker] .s.d.r.c.RepositoryConfigurationDelegate : Finished Spring Data repository scanning in 16 ms. Found 1 JPA repository interface.
2024-02-14T11:54:01.451+09:00  INFO 84369 --- [    Test worker] com.zaxxer.hikari.HikariDataSource       : HikariPool-1 - Starting...
2024-02-14T11:54:01.543+09:00  INFO 84369 --- [    Test worker] com.zaxxer.hikari.pool.HikariPool        : HikariPool-1 - Added connection conn0: url=jdbc:h2:mem:testdb user=SA
2024-02-14T11:54:01.544+09:00  INFO 84369 --- [    Test worker] com.zaxxer.hikari.HikariDataSource       : HikariPool-1 - Start completed.
2024-02-14T11:54:01.569+09:00  INFO 84369 --- [    Test worker] o.hibernate.jpa.internal.util.LogHelper  : HHH000204: Processing PersistenceUnitInfo [name: default]
2024-02-14T11:54:01.597+09:00  INFO 84369 --- [    Test worker] org.hibernate.Version                    : HHH000412: Hibernate ORM core version 6.4.1.Final
2024-02-14T11:54:01.615+09:00  INFO 84369 --- [    Test worker] o.h.c.internal.RegionFactoryInitiator    : HHH000026: Second-level cache disabled
2024-02-14T11:54:01.713+09:00  INFO 84369 --- [    Test worker] o.s.o.j.p.SpringPersistenceUnitInfo      : No LoadTimeWeaver setup: ignoring JPA class transformer
2024-02-14T11:54:02.056+09:00  INFO 84369 --- [    Test worker] o.h.e.t.j.p.i.JtaPlatformInitiator       : HHH000489: No JTA platform available (set 'hibernate.transaction.jta.platform' to enable JTA platform integration)
2024-02-14T11:54:02.070+09:00  INFO 84369 --- [    Test worker] j.LocalContainerEntityManagerFactoryBean : Initialized JPA EntityManagerFactory for persistence unit 'default'
2024-02-14T11:54:02.222+09:00  WARN 84369 --- [    Test worker] JpaBaseConfiguration$JpaWebConfiguration : spring.jpa.open-in-view is enabled by default. Therefore, database queries may be performed during view rendering. Explicitly configure spring.jpa.open-in-view to disable this warning
2024-02-14T11:54:02.336+09:00  INFO 84369 --- [    Test worker] o.s.b.a.h2.H2ConsoleAutoConfiguration    : H2 console available at '/h2-console'. Database available at 'jdbc:h2:mem:testdb'
2024-02-14T11:54:02.363+09:00  INFO 84369 --- [    Test worker] o.s.b.t.m.w.SpringBootMockServletContext : Initializing Spring TestDispatcherServlet ''
2024-02-14T11:54:02.364+09:00  INFO 84369 --- [    Test worker] o.s.t.web.servlet.TestDispatcherServlet  : Initializing Servlet ''
2024-02-14T11:54:02.364+09:00  INFO 84369 --- [    Test worker] o.s.t.web.servlet.TestDispatcherServlet  : Completed initialization in 0 ms
2024-02-14T11:54:02.376+09:00  INFO 84369 --- [    Test worker] c.e.p.c.ArticleApiControllerTest         : Started ArticleApiControllerTest in 1.444 seconds (process running for 1.983)
2024-02-14T11:54:02.757+09:00  INFO 84369 --- [    Test worker] o.s.b.t.m.w.SpringBootMockServletContext : Initializing Spring TestDispatcherServlet ''
2024-02-14T11:54:02.757+09:00  INFO 84369 --- [    Test worker] o.s.t.web.servlet.TestDispatcherServlet  : Initializing Servlet ''
2024-02-14T11:54:02.757+09:00  INFO 84369 --- [    Test worker] o.s.t.web.servlet.TestDispatcherServlet  : Completed initialization in 0 ms
2024-02-14T11:54:02.907+09:00  INFO 84369 --- [    Test worker] o.s.b.t.m.w.SpringBootMockServletContext : Initializing Spring TestDispatcherServlet ''
2024-02-14T11:54:02.907+09:00  INFO 84369 --- [    Test worker] o.s.t.web.servlet.TestDispatcherServlet  : Initializing Servlet ''
2024-02-14T11:54:02.908+09:00  INFO 84369 --- [    Test worker] o.s.t.web.servlet.TestDispatcherServlet  : Completed initialization in 1 ms
2024-02-14T11:54:02.918+09:00  INFO 84369 --- [    Test worker] o.s.b.t.m.w.SpringBootMockServletContext : Initializing Spring TestDispatcherServlet ''
2024-02-14T11:54:02.918+09:00  INFO 84369 --- [    Test worker] o.s.t.web.servlet.TestDispatcherServlet  : Initializing Servlet ''
2024-02-14T11:54:02.919+09:00  INFO 84369 --- [    Test worker] o.s.t.web.servlet.TestDispatcherServlet  : Completed initialization in 1 ms
2024-02-14T11:54:03.032+09:00  INFO 84369 --- [    Test worker] o.s.b.t.m.w.SpringBootMockServletContext : Initializing Spring TestDispatcherServlet ''
2024-02-14T11:54:03.032+09:00  INFO 84369 --- [    Test worker] o.s.t.web.servlet.TestDispatcherServlet  : Initializing Servlet ''
2024-02-14T11:54:03.033+09:00  INFO 84369 --- [    Test worker] o.s.t.web.servlet.TestDispatcherServlet  : Completed initialization in 0 ms
2024-02-14T11:54:03.057+09:00  INFO 84369 --- [    Test worker] o.s.b.t.m.w.SpringBootMockServletContext : Initializing Spring TestDispatcherServlet ''
2024-02-14T11:54:03.057+09:00  INFO 84369 --- [    Test worker] o.s.t.web.servlet.TestDispatcherServlet  : Initializing Servlet ''
2024-02-14T11:54:03.058+09:00  INFO 84369 --- [    Test worker] o.s.t.web.servlet.TestDispatcherServlet  : Completed initialization in 0 ms
]]></system-out>
  <system-err><![CDATA[]]></system-err>
</testsuite>
