<?xml version="1.0" encoding="UTF-8"?>
<testsuite name="com.example.practicemk1.controller.ArticleApiControllerTest" tests="1" skipped="0" failures="0" errors="0" timestamp="2024-02-13T12:21:23" hostname="Victorui-MacBookPro.local" time="0.437">
  <properties/>
  <testcase name="createArticle : 게시글 생성에 성공" classname="com.example.practicemk1.controller.ArticleApiControllerTest" time="0.437"/>
  <system-out><![CDATA[21:21:21.940 [Test worker] INFO org.springframework.test.context.support.AnnotationConfigContextLoaderUtils -- Could not detect default configuration classes for test class [com.example.practicemk1.controller.ArticleApiControllerTest]: ArticleApiControllerTest does not declare any static, non-private, non-final, nested classes annotated with @Configuration.
21:21:22.003 [Test worker] INFO org.springframework.boot.test.context.SpringBootTestContextBootstrapper -- Found @SpringBootConfiguration com.example.practicemk1.Practicemk1Application for test class com.example.practicemk1.controller.ArticleApiControllerTest

  .   ____          _            __ _ _
 /\\ / ___'_ __ _ _(_)_ __  __ _ \ \ \ \
( ( )\___ | '_ | '_| | '_ \/ _` | \ \ \ \
 \\/  ___)| |_)| | | | | || (_| |  ) ) ) )
  '  |____| .__|_| |_|_| |_\__, | / / / /
 =========|_|==============|___/=/_/_/_/
 :: Spring Boot ::                (v3.2.2)

2024-02-13T21:21:22.164+09:00  INFO 79734 --- [    Test worker] c.e.p.c.ArticleApiControllerTest         : Starting ArticleApiControllerTest using Java 17.0.9 with PID 79734 (started by victorlee in /Users/victorlee/Desktop/practice.mk1/backend)
2024-02-13T21:21:22.165+09:00  INFO 79734 --- [    Test worker] c.e.p.c.ArticleApiControllerTest         : No active profile set, falling back to 1 default profile: "default"
2024-02-13T21:21:22.412+09:00  INFO 79734 --- [    Test worker] .s.d.r.c.RepositoryConfigurationDelegate : Bootstrapping Spring Data JPA repositories in DEFAULT mode.
2024-02-13T21:21:22.434+09:00  INFO 79734 --- [    Test worker] .s.d.r.c.RepositoryConfigurationDelegate : Finished Spring Data repository scanning in 19 ms. Found 1 JPA repository interface.
2024-02-13T21:21:22.587+09:00  INFO 79734 --- [    Test worker] com.zaxxer.hikari.HikariDataSource       : HikariPool-1 - Starting...
2024-02-13T21:21:22.662+09:00  INFO 79734 --- [    Test worker] com.zaxxer.hikari.pool.HikariPool        : HikariPool-1 - Added connection conn0: url=jdbc:h2:mem:testdb user=SA
2024-02-13T21:21:22.662+09:00  INFO 79734 --- [    Test worker] com.zaxxer.hikari.HikariDataSource       : HikariPool-1 - Start completed.
2024-02-13T21:21:22.682+09:00  INFO 79734 --- [    Test worker] o.hibernate.jpa.internal.util.LogHelper  : HHH000204: Processing PersistenceUnitInfo [name: default]
2024-02-13T21:21:22.703+09:00  INFO 79734 --- [    Test worker] org.hibernate.Version                    : HHH000412: Hibernate ORM core version 6.4.1.Final
2024-02-13T21:21:22.718+09:00  INFO 79734 --- [    Test worker] o.h.c.internal.RegionFactoryInitiator    : HHH000026: Second-level cache disabled
2024-02-13T21:21:22.808+09:00  INFO 79734 --- [    Test worker] o.s.o.j.p.SpringPersistenceUnitInfo      : No LoadTimeWeaver setup: ignoring JPA class transformer
2024-02-13T21:21:23.116+09:00  INFO 79734 --- [    Test worker] o.h.e.t.j.p.i.JtaPlatformInitiator       : HHH000489: No JTA platform available (set 'hibernate.transaction.jta.platform' to enable JTA platform integration)
2024-02-13T21:21:23.129+09:00  INFO 79734 --- [    Test worker] j.LocalContainerEntityManagerFactoryBean : Initialized JPA EntityManagerFactory for persistence unit 'default'
2024-02-13T21:21:23.262+09:00  WARN 79734 --- [    Test worker] JpaBaseConfiguration$JpaWebConfiguration : spring.jpa.open-in-view is enabled by default. Therefore, database queries may be performed during view rendering. Explicitly configure spring.jpa.open-in-view to disable this warning
2024-02-13T21:21:23.376+09:00  INFO 79734 --- [    Test worker] o.s.b.a.h2.H2ConsoleAutoConfiguration    : H2 console available at '/h2-console'. Database available at 'jdbc:h2:mem:testdb'
2024-02-13T21:21:23.402+09:00  INFO 79734 --- [    Test worker] o.s.b.t.m.w.SpringBootMockServletContext : Initializing Spring TestDispatcherServlet ''
2024-02-13T21:21:23.403+09:00  INFO 79734 --- [    Test worker] o.s.t.web.servlet.TestDispatcherServlet  : Initializing Servlet ''
2024-02-13T21:21:23.403+09:00  INFO 79734 --- [    Test worker] o.s.t.web.servlet.TestDispatcherServlet  : Completed initialization in 0 ms
2024-02-13T21:21:23.419+09:00  INFO 79734 --- [    Test worker] c.e.p.c.ArticleApiControllerTest         : Started ArticleApiControllerTest in 1.348 seconds (process running for 1.892)
2024-02-13T21:21:23.681+09:00  INFO 79734 --- [    Test worker] o.s.b.t.m.w.SpringBootMockServletContext : Initializing Spring TestDispatcherServlet ''
2024-02-13T21:21:23.681+09:00  INFO 79734 --- [    Test worker] o.s.t.web.servlet.TestDispatcherServlet  : Initializing Servlet ''
2024-02-13T21:21:23.682+09:00  INFO 79734 --- [    Test worker] o.s.t.web.servlet.TestDispatcherServlet  : Completed initialization in 1 ms
]]></system-out>
  <system-err><![CDATA[]]></system-err>
</testsuite>
